Build started 10/16/2022 12:08:52 PM.
     1>Project "E:\Projects\VS2015_C#\Development_and_Tools\01.Instrumentation\ZANASI_4700\Zanasi4700\Software_1.1\Zanasi4700_Cpp\Zanasi4700.vcxproj" on node 2 (build target(s)).
     1>InitializeBuildStatus:
         Creating ".\Debug\Zanasi4700.unsuccessfulbuild" because "AlwaysCreate" was specified.
       ClCompile:
         C:\Program Files (x86)\Microsoft Visual Studio 10.0\VC\bin\CL.exe /c /ZI /nologo /W3 /WX- /Od /Oy- /D WIN32 /D _DEBUG /D _CONSOLE /D _VC80_UPGRADE=0x0600 /D _MBCS /Gm /EHsc /MD /GS /Gy- /fp:precise /Zc:wchar_t /Zc:forScope /Fo".\Debug\\" /Fd".\Debug\vc100.pdb" /Gd /TP /analyze- /errorReport:prompt PrintComm.cpp
         PrintComm.cpp
     1>e:\projects\vs2015_c#\development_and_tools\01.instrumentation\zanasi_4700\zanasi4700\software_1.1\zanasi4700_cpp\printcomm.cpp(63): warning C4800: 'BOOL' : forcing value to bool 'true' or 'false' (performance warning)
     1>e:\projects\vs2015_c#\development_and_tools\01.instrumentation\zanasi_4700\zanasi4700\software_1.1\zanasi4700_cpp\printcomm.cpp(64): warning C4805: '&=' : unsafe mix of type 'bool' and type 'BOOL' in operation
     1>e:\projects\vs2015_c#\development_and_tools\01.instrumentation\zanasi_4700\zanasi4700\software_1.1\zanasi4700_cpp\printcomm.cpp(64): warning C4805: '&' : unsafe mix of type 'bool' and type 'BOOL' in operation
     1>e:\projects\vs2015_c#\development_and_tools\01.instrumentation\zanasi_4700\zanasi4700\software_1.1\zanasi4700_cpp\printcomm.cpp(64): warning C4800: 'BOOL' : forcing value to bool 'true' or 'false' (performance warning)
     1>e:\projects\vs2015_c#\development_and_tools\01.instrumentation\zanasi_4700\zanasi4700\software_1.1\zanasi4700_cpp\printcomm.cpp(129): warning C4996: 'itoa': The POSIX name for this item is deprecated. Instead, use the ISO C++ conformant name: _itoa. See online help for details.
                 c:\program files (x86)\microsoft visual studio 10.0\vc\include\stdlib.h(867) : see declaration of 'itoa'
       ManifestResourceCompile:
         All outputs are up-to-date.
       Link:
         C:\Program Files (x86)\Microsoft Visual Studio 10.0\VC\bin\link.exe /ERRORREPORT:PROMPT /OUT:".\Debug\Zanasi4700.exe" /INCREMENTAL /NOLOGO odbc32.lib odbccp32.lib kernel32.lib user32.lib gdi32.lib winspool.lib comdlg32.lib advapi32.lib shell32.lib ole32.lib oleaut32.lib uuid.lib odbc32.lib odbccp32.lib /MANIFEST /ManifestFile:".\Debug\Zanasi4700.exe.intermediate.manifest" /MANIFESTUAC:"level='asInvoker' uiAccess='false'" /DEBUG /PDB:"E:\Projects\VS2015_C#\Development_and_Tools\01.Instrumentation\ZANASI_4700\Zanasi4700\Software_1.1\Zanasi4700_Cpp\Debug\Zanasi4700.pdb" /SUBSYSTEM:CONSOLE /TLBID:1 /DYNAMICBASE /NXCOMPAT /IMPLIB:".\Debug\Zanasi4700.lib" /MACHINE:X86 .\Debug\Zanasi4700.exe.embed.manifest.res
         .\Debug\HMI.obj
         .\Debug\PrintComm.obj
         .\Debug\SerialComm.obj
       Manifest:
         C:\Program Files (x86)\Microsoft SDKs\Windows\v7.0A\bin\mt.exe /nologo /verbose /out:".\Debug\Zanasi4700.exe.embed.manifest" /manifest .\Debug\Zanasi4700.exe.intermediate.manifest
         All outputs are up-to-date.
       LinkEmbedManifest:
         All outputs are up-to-date.
         Zanasi4700.vcxproj -> E:\Projects\VS2015_C#\Development_and_Tools\01.Instrumentation\ZANASI_4700\Zanasi4700\Software_1.1\Zanasi4700_Cpp\.\Debug\Zanasi4700.exe
       FinalizeBuildStatus:
         Deleting file ".\Debug\Zanasi4700.unsuccessfulbuild".
         Touching ".\Debug\Zanasi4700.lastbuildstate".
     1>Done Building Project "E:\Projects\VS2015_C#\Development_and_Tools\01.Instrumentation\ZANASI_4700\Zanasi4700\Software_1.1\Zanasi4700_Cpp\Zanasi4700.vcxproj" (build target(s)).

Build succeeded.

Time Elapsed 00:00:01.48
